This is e-pTeX, Version 3.14159265-p3.8.2-190908-2.6 (utf8.euc) (TeX Live 2019/Debian) (preloaded format=platex 2020.12.29)  17 JAN 2021 21:53
entering extended mode
 restricted \write18 enabled.
 %&-line parsing enabled.
**/mnt/c/Users/R1dge/Desktop/Git_Repo/summary/summary
(/mnt/c/Users/R1dge/Desktop/Git_Repo/summary/summary.tex
pLaTeX2e <2020-02-02>+2 (based on LaTeX2e <2020-02-02> patch level 2)
L3 programming layer <2020-02-14> (./nitocs.cls
Document Class: nitocs 2015/7/15 v1.0 大分高専　情報工学科卒業研究関連クラス
(/usr/share/texlive/texmf-dist/tex/latex/graphics/color.sty
Package: color 2019/11/23 v1.2a Standard LaTeX Color (DPC)

(/usr/share/texlive/texmf-dist/tex/latex/graphics-cfg/color.cfg
File: color.cfg 2016/01/02 v1.6 sample color configuration
)
Package color Info: Driver file: dvips.def on input line 147.

(/usr/share/texlive/texmf-dist/tex/latex/graphics-def/dvips.def
File: dvips.def 2017/06/20 v3.1d Graphics/color driver for dvips
)
(/usr/share/texlive/texmf-dist/tex/latex/graphics/dvipsnam.def
File: dvipsnam.def 2016/06/17 v3.0m Driver-dependent file (DPC,SPQR)
))
\c@@paper=\count166
\h=\dimen150
\JQ=\dimen151
\Q=\dimen152
\@Q=\dimen153
\ChtE=\skip47
\CdpE=\skip48
\CwdE=\skip49
\CvsE=\skip50
\normalbaselineskip=\skip51
\author@count=\count167
\label@count=\count168
\email@count=\count169
\affiliate@count=\count170
\offsetemail=\count171
\paffiliate@count=\count172
\Jtitlejauthorsep=\skip52
\Jdatesep=\skip53
\Jabstsep=\skip54
\Jabstsepjkeyword=\skip55
\Jetitleskip=\skip56
\Jetitleeauthor=\skip57
\@abstractbox=\box61
\@jkeywordbox=\box62
\c@part=\count173
\c@section=\count174
\c@subsection=\count175
\c@subsubsection=\count176
\c@paragraph=\count177
\c@subparagraph=\count178
\@tempboxb=\box63
\SECTwd=\box64
\section@height=\skip58
\c@figure=\count179
\c@table=\count180
\abovecaptionskip=\skip59
\belowcaptionskip=\skip60
\@tempboxb=\box65
\capwidth=\dimen154
\ecapwidth=\dimen155
\bibindent=\dimen156
\mathindent=\dimen157
\@dummyfigbox=\box66
\twocolcapwidth=\dimen158
\twocolecapwidth=\dimen159
\@compare@result=\count181
)
(/usr/share/texlive/texmf-dist/tex/latex/graphics/graphicx.sty
Package: graphicx 2019/11/30 v1.2a Enhanced LaTeX Graphics (DPC,SPQR)

(/usr/share/texlive/texmf-dist/tex/latex/graphics/keyval.sty
Package: keyval 2014/10/28 v1.15 key=value parser (DPC)
\KV@toks@=\toks15
)
(/usr/share/texlive/texmf-dist/tex/latex/graphics/graphics.sty
Package: graphics 2019/11/30 v1.4a Standard LaTeX Graphics (DPC,SPQR)

(/usr/share/texlive/texmf-dist/tex/latex/graphics/trig.sty
Package: trig 2016/01/03 v1.10 sin cos tan (DPC)
)
(/usr/share/texlive/texmf-dist/tex/latex/graphics-cfg/graphics.cfg
File: graphics.cfg 2016/06/04 v1.11 sample graphics configuration
)
Package graphics Info: Driver file: dvipdfmx.def on input line 105.

(/usr/share/texlive/texmf-dist/tex/latex/graphics-def/dvipdfmx.def
File: dvipdfmx.def 2017/06/24 v5.0g Graphics/color driver for dvipdfmx
))
\Gin@req@height=\dimen160
\Gin@req@width=\dimen161
)
(/usr/share/texlive/texmf-dist/tex/latex/base/latexsym.sty
Package: latexsym 1998/08/17 v2.2e Standard LaTeX package (lasy symbols)
\symlasy=\mathgroup4
LaTeX Font Info:    Overwriting symbol font `lasy' in version `bold'
(Font)                  U/lasy/m/n --> U/lasy/b/n on input line 52.
)
(/usr/share/texlive/texmf-dist/tex/latex/l3backend/l3backend-dvips.def
File: l3backend-dvips.def 2020-02-03 L3 backend support: dvips
\l__pdf_internal_box=\box67
\g__pdf_backend_object_int=\count182
\l__pdf_backend_content_box=\box68
\l__pdf_backend_model_box=\box69
\g__pdf_backend_annotation_int=\count183
\g__pdf_backend_link_int=\count184
\g__pdf_backend_link_sf_int=\count185
)
No file summary.aux.
\openout1 = `summary.aux'.

LaTeX Font Info:    Checking defaults for OML/cmm/m/it on input line 13.
LaTeX Font Info:    ... okay on input line 13.
LaTeX Font Info:    Checking defaults for OMS/cmsy/m/n on input line 13.
LaTeX Font Info:    ... okay on input line 13.
LaTeX Font Info:    Checking defaults for OT1/cmr/m/n on input line 13.
LaTeX Font Info:    ... okay on input line 13.
LaTeX Font Info:    Checking defaults for T1/cmr/m/n on input line 13.
LaTeX Font Info:    ... okay on input line 13.
LaTeX Font Info:    Checking defaults for TS1/cmr/m/n on input line 13.
LaTeX Font Info:    ... okay on input line 13.
LaTeX Font Info:    Checking defaults for OMX/cmex/m/n on input line 13.
LaTeX Font Info:    ... okay on input line 13.
LaTeX Font Info:    Checking defaults for U/cmr/m/n on input line 13.
LaTeX Font Info:    ... okay on input line 13.
LaTeX Font Info:    Checking defaults for JY1/mc/m/n on input line 13.
LaTeX Font Info:    ... okay on input line 13.
LaTeX Font Info:    Checking defaults for JT1/mc/m/n on input line 13.
LaTeX Font Info:    ... okay on input line 13.
LaTeX Font Info:    Font shape `JT1/mc/m/it' in size <9.61035> not available
(Font)              Font shape `JT1/mc/m/n' tried instead on input line 22.
LaTeX Font Info:    Font shape `JY1/mc/m/it' in size <9.61035> not available
(Font)              Font shape `JY1/mc/m/n' tried instead on input line 22.
LaTeX Font Info:    Font shape `JT1/gt/b/n' in size <19.95996> not available
(Font)              Font shape `JT1/gt/bx/n' tried instead on input line 26.
LaTeX Font Info:    Font shape `JT1/gt/bx/n' in size <19.95996> not available
(Font)              Font shape `JT1/gt/m/n' tried instead on input line 26.
LaTeX Font Info:    Font shape `JY1/gt/b/n' in size <19.95996> not available
(Font)              Font shape `JY1/gt/bx/n' tried instead on input line 26.
LaTeX Font Info:    Font shape `JY1/gt/bx/n' in size <19.95996> not available
(Font)              Font shape `JY1/gt/m/n' tried instead on input line 26.
LaTeX Font Info:    Calculating math sizes for size <9.61035> on input line 26.

LaTeX Font Info:    Font shape `JT1/mc/b/n' in size <11.82813> not available
(Font)              Font shape `JT1/mc/bx/n' tried instead on input line 27.
LaTeX Font Info:    Font shape `JT1/mc/bx/n' in size <11.82813> not available
(Font)              Font shape `JT1/gt/m/n' tried instead on input line 27.
LaTeX Font Info:    Font shape `JY1/mc/b/n' in size <11.82813> not available
(Font)              Font shape `JY1/mc/bx/n' tried instead on input line 27.
LaTeX Font Info:    Font shape `JY1/mc/bx/n' in size <11.82813> not available
(Font)              Font shape `JY1/gt/m/n' tried instead on input line 27.

LaTeX Warning: Citation `okumura' on page 1 undefined on input line 30.


LaTeX Warning: Citation `companion' on page 1 undefined on input line 30.

LaTeX Font Info:    Font shape `JT1/mc/b/n' in size <9.61035> not available
(Font)              Font shape `JT1/mc/bx/n' tried instead on input line 30.
LaTeX Font Info:    Font shape `JT1/mc/bx/n' in size <9.61035> not available
(Font)              Font shape `JT1/gt/m/n' tried instead on input line 30.
LaTeX Font Info:    Font shape `JY1/mc/b/n' in size <9.61035> not available
(Font)              Font shape `JY1/mc/bx/n' tried instead on input line 30.
LaTeX Font Info:    Font shape `JY1/mc/bx/n' in size <9.61035> not available
(Font)              Font shape `JY1/gt/m/n' tried instead on input line 30.

Underfull \hbox (badness 10000) in paragraph at lines 37--58
[]\OT1/cmtt/m/n/9.61035 \documentclass[summary]{nitocs}\JY1/mc/m/n/9.61035 ．
 []

LaTeX Font Info:    Calculating math sizes for size <8.13184> on input line 121
.
LaTeX Font Info:    Font shape `JT1/mc/b/n' in size <8.13184> not available
(Font)              Font shape `JT1/mc/bx/n' tried instead on input line 125.
LaTeX Font Info:    Font shape `JT1/mc/bx/n' in size <8.13184> not available
(Font)              Font shape `JT1/gt/m/n' tried instead on input line 125.
LaTeX Font Info:    Font shape `JY1/mc/b/n' in size <8.13184> not available
(Font)              Font shape `JY1/mc/bx/n' tried instead on input line 125.
LaTeX Font Info:    Font shape `JY1/mc/bx/n' in size <8.13184> not available
(Font)              Font shape `JY1/gt/m/n' tried instead on input line 125.
[1


]

LaTeX Warning: Reference `fig:single' on page 2 undefined on input line 132.


LaTeX Warning: Reference `fig:single' on page 2 undefined on input line 137.


LaTeX Warning: Reference `tab:example' on page 2 undefined on input line 156.


LaTeX Warning: Citation `companion' on page 2 undefined on input line 190.


LaTeX Warning: Citation `okumura' on page 2 undefined on input line 190.

LaTeX Font Info:    Calculating math sizes for size <8.8711> on input line 195.

LaTeX Font Info:    Font shape `JT1/gt/m/it' in size <8.8711> not available
(Font)              Font shape `JT1/gt/m/n' tried instead on input line 198.

LaTeX Font Warning: Font shape `JY1/gt/m/it' undefined
(Font)              using `JY1/gt/m/n' instead on input line 198.

LaTeX Font Info:    Font shape `JT1/gt/m/it' in size <6.20973> not available
(Font)              Font shape `JT1/gt/m/n' tried instead on input line 198.

Underfull \hbox (badness 4805) in paragraph at lines 198--202
[]\OT1/cmr/m/n/8.8711 Lamport, L.: \OT1/cmr/m/it/8.8711 A Doc-u-ment Prepa-ra-t
ion Sys-tem
 []

LaTeX Font Info:    Font shape `JT1/mc/m/it' in size <8.8711> not available
(Font)              Font shape `JT1/mc/m/n' tried instead on input line 214.
LaTeX Font Info:    Font shape `JY1/mc/m/it' in size <8.8711> not available
(Font)              Font shape `JY1/mc/m/n' tried instead on input line 214.
[2] (./summary.aux)

LaTeX Font Warning: Some font shapes were not available, defaults substituted.


LaTeX Warning: There were undefined references.


LaTeX Warning: Label(s) may have changed. Rerun to get cross-references right.

 ) 
Here is how much of TeX's memory you used:
 1317 strings out of 481768
 19964 string characters out of 5933619
 262831 words of memory out of 5000000
 16764 multiletter control sequences out of 15000+600000
 554482 words of font info for 124 fonts, out of 8000000 for 9000
 929 hyphenation exceptions out of 8191
 30i,9n,25p,279b,372s stack positions out of 5000i,500n,10000p,200000b,80000s

Output written on summary.dvi (2 pages, 13468 bytes).
